The HCMV genome (EF999921) has 168 CDS.

INFO:root:target_id	test_stat	pval	qval

INFO:root:['ABV71622.1']	14.4251043433411	0.000145845062441011	0.0196154021220104

INFO:root:['ABV71604.1']	12.0607429301465	0.00051494766161136	0.0196154021220104

INFO:root:['ABV71595.1']	11.7768424393953	0.000599721248658338	0.0196154021220104

INFO:root:['ABV71507.1']	11.0339263024468	0.000894594740580109	0.0196154021220104

INFO:root:['ABV71651.1']	11.0150365473418	0.000903757441921464	0.0196154021220104

INFO:root:['ABV71605.1']	10.9936088162028	0.000914266137059322	0.0196154021220104

INFO:root:['ABV71626.1']	10.6290608901765	0.00111324234102253	0.0196154021220104

INFO:root:['ABV71560.1']	10.6037230837315	0.00112860172887645	0.0196154021220104

INFO:root:['ABV71506.1']	10.5055383819197	0.00119017276689656	0.0196154021220104

INFO:root:['ABV71505.1']	10.2263241215338	0.00138450311707865	0.0196154021220104

INFO:root:['ABV71646.1']	10.1558215026716	0.00143846282228076	0.0196154021220104

INFO:root:['ABV71649.1']	9.46546173763896	0.00209376723802312	0.026172090475289

INFO:root:['ABV71531.1']	9.11252254634415	0.0025386554477963	0.0292921782438035

INFO:root:['ABV71519.1']	8.15466067104016	0.00429506357597884	0.046018538314059

Donor 1 (2dpi) had 12500 read pairs before Bowtie2 filtering and 668 read pairs after.
Donor 1 (6dpi) had 12500 read pairs before Bowtie2 filtering and 598 read pairs after.
Donor 3 (2dpi) had 12500 read pairs before Bowtie2 filtering and 693 read pairs after.
Donor 3 (6dpi) had 12500 read pairs before Bowtie2 filtering and 497 read pairs after.

spades -k 55,77,99,127 -t 2 --only-assembler --pe1-1 SRR5660030_mapped_1.fastq --pe1-2 SRR5660030_mapped_2.fastq --pe2-1 SRR5660033_mapped_1.fastq --pe2-2 SRR5660033_mapped_2.fastq --pe3-1 SRR5660044_mapped_1.fastq --pe3-2 SRR5660044_mapped_2.fastq --pe4-1 SRR5660045_mapped_1.fastq --pe4-2 SRR5660045_mapped_2.fastq -o SpadesAssembly/

There are 62 contigs > 1000 in the assembly.

There are 102622 bp in the assembly.

INFO:root:sacc	pident	length	qstart	qend	sstart	send	bitscore	evalue	stitle
INFO:root:NC_006273.2	98.975	3709	1	3709	78190	81898	6639	0.0	NC_006273.2 Human herpesvirus 5 strain Merlin	[' complete genome']
INFO:root:NC_003521.1	86.584	887	2736	3622	78697	79583	979	0.0	NC_003521.1 Panine herpesvirus 2 strain Heberling	[' complete genome']
INFO:root:NC_003521.1	88.046	527	1122	1648	76960	77486	625	9.47e-179	NC_003521.1 Panine herpesvirus 2 strain Heberling	[' complete genome']
INFO:root:NC_003521.1	84.065	615	420	1031	76072	76683	588	1.24e-167	NC_003521.1 Panine herpesvirus 2 strain Heberling	[' complete genome']
INFO:root:NC_003521.1	80.837	741	1931	2667	77832	78550	558	9.74e-159	NC_003521.1 Panine herpesvirus 2 strain Heberling	[' complete genome']
INFO:root:NC_033176.1	77.612	536	1126	1654	74474	74998	309	1.08e-83	NC_033176.1 Cynomolgus cytomegalovirus isolate 31908	[' complete genome']
INFO:root:NC_027016.1	76.262	535	1122	1651	150746	150220	272	1.42e-72	NC_027016.1 Papio ursinus cytomegalovirus isolate OCOM4-52	[' complete genome']
